Arguments: 
  /Users/ezeikel/.nvm/versions/node/v9.2.0/bin/node /Users/ezeikel/.nvm/versions/node/v9.2.0/bin/yarn start

PATH: 
  /Users/ezeikel/.nvm/versions/node/v9.2.0/bin:/usr/local/bin:/usr/bin:/bin:/usr/sbin:/sbin

Yarn version: 
  1.5.1

Node version: 
  9.2.0

Platform: 
  darwin x64

npm manifest: 
  {
    "name": "ezeikel-pemberton-photography-web",
    "version": "0.0.0",
    "license": "MIT",
    "scripts": {
      "ng": "ng",
      "start": "ng serve",
      "build": "ng build",
      "test": "ng test",
      "lint": "ng lint",
      "e2e": "ng e2e"
    },
    "private": true,
    "dependencies": {
      "@angular/common": "6.0.5",
      "@angular/compiler": "6.0.5",
      "@angular/core": "6.0.5",
      "@angular/forms": "6.0.5",
      "@angular/http": "6.0.5",
      "@angular/platform-browser": "6.0.5",
      "@angular/platform-browser-dynamic": "6.0.5",
      "@angular/router": "6.0.5",
      "angularfire2": "^5.0.0-rc.10",
      "bootstrap": "^4.0.0-beta.2",
      "core-js": "^2.5.1",
      "firebase": "5.0.4",
      "font-awesome": "^4.7.0",
      "ngx-slick": "^0.1.3",
      "popper.js": "^1.12.9",
      "rxjs": "^6.2.1",
      "zone.js": "^0.8.26"
    },
    "devDependencies": {
      "@angular/cli": "6.0.8",
      "@angular/compiler-cli": "6.0.5",
      "@types/jasmine": "2.5.54",
      "@types/node": "~8.0.24",
      "codelyzer": "~3.1.2",
      "jasmine-core": "~2.7.0",
      "jasmine-spec-reporter": "~4.2.1",
      "karma": "~1.7.0",
      "karma-chrome-launcher": "~2.2.0",
      "karma-cli": "~1.0.1",
      "karma-coverage-istanbul-reporter": "^1.3.0",
      "karma-jasmine": "~1.1.0",
      "karma-jasmine-html-reporter": "^0.2.2",
      "protractor": "~5.1.0",
      "ts-node": "~3.3.0",
      "tslint": "~5.6.0",
      "typescript": "2.7.2",
      "@angular-devkit/build-angular": "~0.6.8"
    }
  }

yarn manifest: 
  No manifest

Lockfile: 
  No lockfile

Trace: 
  Error: Command failed.
  Exit code: 1
  Command: sh
  Arguments: -c ng serve
  Directory: /Users/ezeikel/Projects/github/ezeikel-pemberton-photography-web
  Output:
  
      at ProcessTermError.MessageError (/Users/ezeikel/.nvm/versions/node/v9.2.0/lib/node_modules/yarn/lib/cli.js:186:110)
      at new ProcessTermError (/Users/ezeikel/.nvm/versions/node/v9.2.0/lib/node_modules/yarn/lib/cli.js:226:113)
      at ChildProcess.<anonymous> (/Users/ezeikel/.nvm/versions/node/v9.2.0/lib/node_modules/yarn/lib/cli.js:30281:17)
      at ChildProcess.emit (events.js:159:13)
      at maybeClose (internal/child_process.js:943:16)
      at Process.ChildProcess._handle.onexit (internal/child_process.js:220:5)
